  Main.cpp
d:\study\bsc cm\sm2603 2d game production\project\2d_game_project\main.cpp(563): warning C4244: '引數': 將 'float' 轉換為 'int'，由於類型不同，可能導致資料遺失
d:\study\bsc cm\sm2603 2d game production\project\2d_game_project\main.cpp(572): warning C4244: '引數': 將 'float' 轉換為 'int'，由於類型不同，可能導致資料遺失
d:\study\bsc cm\sm2603 2d game production\project\2d_game_project\main.cpp(577): warning C4244: '引數': 將 'float' 轉換為 'int'，由於類型不同，可能導致資料遺失
d:\study\bsc cm\sm2603 2d game production\project\2d_game_project\main.cpp(582): warning C4244: '引數': 將 'float' 轉換為 'int'，由於類型不同，可能導致資料遺失
d:\study\bsc cm\sm2603 2d game production\project\2d_game_project\main.cpp(587): warning C4244: '引數': 將 'float' 轉換為 'int'，由於類型不同，可能導致資料遺失
d:\study\bsc cm\sm2603 2d game production\project\2d_game_project\main.cpp(592): warning C4244: '引數': 將 'float' 轉換為 'int'，由於類型不同，可能導致資料遺失
d:\study\bsc cm\sm2603 2d game production\project\2d_game_project\main.cpp(597): warning C4244: '引數': 將 'float' 轉換為 'int'，由於類型不同，可能導致資料遺失
d:\study\bsc cm\sm2603 2d game production\project\2d_game_project\main.cpp(602): warning C4244: '引數': 將 'float' 轉換為 'int'，由於類型不同，可能導致資料遺失
d:\study\bsc cm\sm2603 2d game production\project\2d_game_project\main.cpp(607): warning C4244: '引數': 將 'float' 轉換為 'int'，由於類型不同，可能導致資料遺失
d:\study\bsc cm\sm2603 2d game production\project\2d_game_project\main.cpp(641): warning C4244: '+=': 將 'double' 轉換為 'float'，由於類型不同，可能導致資料遺失
d:\study\bsc cm\sm2603 2d game production\project\2d_game_project\main.cpp(643): warning C4244: '+=': 將 'double' 轉換為 'float'，由於類型不同，可能導致資料遺失
d:\study\bsc cm\sm2603 2d game production\project\2d_game_project\main.cpp(694): warning C4244: '引數': 將 'int' 轉換為 'float'，由於類型不同，可能導致資料遺失
d:\study\bsc cm\sm2603 2d game production\project\2d_game_project\main.cpp(697): warning C4018: '<': signed/unsigned 不相符
d:\study\bsc cm\sm2603 2d game production\project\2d_game_project\main.cpp(775): warning C4244: '=': 將 'float' 轉換為 'int'，由於類型不同，可能導致資料遺失
d:\study\bsc cm\sm2603 2d game production\project\2d_game_project\main.cpp(776): warning C4244: '=': 將 'float' 轉換為 'int'，由於類型不同，可能導致資料遺失
d:\study\bsc cm\sm2603 2d game production\project\2d_game_project\main.cpp(778): warning C4244: '=': 將 'float' 轉換為 'int'，由於類型不同，可能導致資料遺失
d:\study\bsc cm\sm2603 2d game production\project\2d_game_project\main.cpp(795): warning C4244: '=': 將 'float' 轉換為 'int'，由於類型不同，可能導致資料遺失
d:\study\bsc cm\sm2603 2d game production\project\2d_game_project\main.cpp(797): warning C4244: '引數': 將 'float' 轉換為 'int'，由於類型不同，可能導致資料遺失
d:\study\bsc cm\sm2603 2d game production\project\2d_game_project\main.cpp(798): warning C4244: '引數': 將 'float' 轉換為 'int'，由於類型不同，可能導致資料遺失
d:\study\bsc cm\sm2603 2d game production\project\2d_game_project\main.cpp(799): warning C4244: '引數': 將 'float' 轉換為 'int'，由於類型不同，可能導致資料遺失
d:\study\bsc cm\sm2603 2d game production\project\2d_game_project\main.cpp(802): warning C4244: '=': 將 'float' 轉換為 'int'，由於類型不同，可能導致資料遺失
d:\study\bsc cm\sm2603 2d game production\project\2d_game_project\main.cpp(803): warning C4244: '=': 將 'float' 轉換為 'int'，由於類型不同，可能導致資料遺失
d:\study\bsc cm\sm2603 2d game production\project\2d_game_project\main.cpp(830): warning C4244: '=': 將 'float' 轉換為 'int'，由於類型不同，可能導致資料遺失
d:\study\bsc cm\sm2603 2d game production\project\2d_game_project\main.cpp(835): warning C4244: '引數': 將 'float' 轉換為 'int'，由於類型不同，可能導致資料遺失
d:\study\bsc cm\sm2603 2d game production\project\2d_game_project\main.cpp(836): warning C4244: '引數': 將 'float' 轉換為 'int'，由於類型不同，可能導致資料遺失
d:\study\bsc cm\sm2603 2d game production\project\2d_game_project\main.cpp(837): warning C4244: '引數': 將 'float' 轉換為 'int'，由於類型不同，可能導致資料遺失
d:\study\bsc cm\sm2603 2d game production\project\2d_game_project\main.cpp(839): warning C4244: '引數': 將 'float' 轉換為 'int'，由於類型不同，可能導致資料遺失
d:\study\bsc cm\sm2603 2d game production\project\2d_game_project\main.cpp(847): warning C4244: '=': 將 'float' 轉換為 'int'，由於類型不同，可能導致資料遺失
d:\study\bsc cm\sm2603 2d game production\project\2d_game_project\main.cpp(849): warning C4244: '=': 將 'float' 轉換為 'int'，由於類型不同，可能導致資料遺失
d:\study\bsc cm\sm2603 2d game production\project\2d_game_project\main.cpp(855): warning C4244: '=': 將 'float' 轉換為 'int'，由於類型不同，可能導致資料遺失
d:\study\bsc cm\sm2603 2d game production\project\2d_game_project\main.cpp(887): warning C4244: '=': 將 'float' 轉換為 'int'，由於類型不同，可能導致資料遺失
d:\study\bsc cm\sm2603 2d game production\project\2d_game_project\main.cpp(890): warning C4244: '=': 將 'float' 轉換為 'int'，由於類型不同，可能導致資料遺失
d:\study\bsc cm\sm2603 2d game production\project\2d_game_project\main.cpp(891): warning C4244: '=': 將 'float' 轉換為 'int'，由於類型不同，可能導致資料遺失
d:\study\bsc cm\sm2603 2d game production\project\2d_game_project\main.cpp(899): warning C4244: '=': 將 'float' 轉換為 'int'，由於類型不同，可能導致資料遺失
d:\study\bsc cm\sm2603 2d game production\project\2d_game_project\main.cpp(900): warning C4244: '=': 將 'float' 轉換為 'int'，由於類型不同，可能導致資料遺失
d:\study\bsc cm\sm2603 2d game production\project\2d_game_project\main.cpp(996): warning C4244: '=': 將 'float' 轉換為 'int'，由於類型不同，可能導致資料遺失
d:\study\bsc cm\sm2603 2d game production\project\2d_game_project\main.cpp(999): warning C4244: '引數': 將 'float' 轉換為 'int'，由於類型不同，可能導致資料遺失
d:\study\bsc cm\sm2603 2d game production\project\2d_game_project\main.cpp(1000): warning C4244: '引數': 將 'float' 轉換為 'int'，由於類型不同，可能導致資料遺失
d:\study\bsc cm\sm2603 2d game production\project\2d_game_project\main.cpp(1001): warning C4244: '引數': 將 'float' 轉換為 'int'，由於類型不同，可能導致資料遺失
d:\study\bsc cm\sm2603 2d game production\project\2d_game_project\main.cpp(1334): warning C4244: '引數': 將 'float' 轉換為 'int'，由於類型不同，可能導致資料遺失
d:\study\bsc cm\sm2603 2d game production\project\2d_game_project\main.cpp(1336): warning C4244: '引數': 將 'float' 轉換為 'int'，由於類型不同，可能導致資料遺失
d:\study\bsc cm\sm2603 2d game production\project\2d_game_project\main.cpp(1339): warning C4244: '引數': 將 'float' 轉換為 'int'，由於類型不同，可能導致資料遺失
d:\study\bsc cm\sm2603 2d game production\project\2d_game_project\main.cpp(1341): warning C4244: '引數': 將 'float' 轉換為 'int'，由於類型不同，可能導致資料遺失
d:\study\bsc cm\sm2603 2d game production\project\2d_game_project\main.cpp(1362): warning C4244: '引數': 將 'float' 轉換為 'int'，由於類型不同，可能導致資料遺失
d:\study\bsc cm\sm2603 2d game production\project\2d_game_project\main.cpp(1364): warning C4244: '引數': 將 'float' 轉換為 'int'，由於類型不同，可能導致資料遺失
d:\study\bsc cm\sm2603 2d game production\project\2d_game_project\main.cpp(1367): warning C4244: '引數': 將 'float' 轉換為 'int'，由於類型不同，可能導致資料遺失
d:\study\bsc cm\sm2603 2d game production\project\2d_game_project\main.cpp(1374): warning C4244: '引數': 將 'float' 轉換為 'int'，由於類型不同，可能導致資料遺失
d:\study\bsc cm\sm2603 2d game production\project\2d_game_project\main.cpp(1376): warning C4244: '引數': 將 'float' 轉換為 'int'，由於類型不同，可能導致資料遺失
d:\study\bsc cm\sm2603 2d game production\project\2d_game_project\main.cpp(1465): warning C4244: '引數': 將 'float' 轉換為 'int'，由於類型不同，可能導致資料遺失
d:\study\bsc cm\sm2603 2d game production\project\2d_game_project\main.cpp(1492): warning C4244: '引數': 將 'double' 轉換為 'int'，由於類型不同，可能導致資料遺失
d:\study\bsc cm\sm2603 2d game production\project\2d_game_project\main.cpp(1620): warning C4244: '引數': 將 'float' 轉換為 'int'，由於類型不同，可能導致資料遺失
d:\study\bsc cm\sm2603 2d game production\project\2d_game_project\main.cpp(1622): warning C4244: '引數': 將 'float' 轉換為 'int'，由於類型不同，可能導致資料遺失
d:\study\bsc cm\sm2603 2d game production\project\2d_game_project\main.cpp(1644): warning C4244: '引數': 將 'float' 轉換為 'int'，由於類型不同，可能導致資料遺失
d:\study\bsc cm\sm2603 2d game production\project\2d_game_project\main.cpp(1646): warning C4244: '引數': 將 'float' 轉換為 'int'，由於類型不同，可能導致資料遺失
d:\study\bsc cm\sm2603 2d game production\project\2d_game_project\main.cpp(1668): warning C4244: '引數': 將 'int' 轉換為 'float'，由於類型不同，可能導致資料遺失
d:\study\bsc cm\sm2603 2d game production\project\2d_game_project\main.cpp(1807): warning C4244: '引數': 將 'float' 轉換為 'int'，由於類型不同，可能導致資料遺失
d:\study\bsc cm\sm2603 2d game production\project\2d_game_project\main.cpp(1808): warning C4244: '引數': 將 'float' 轉換為 'int'，由於類型不同，可能導致資料遺失
d:\study\bsc cm\sm2603 2d game production\project\2d_game_project\main.cpp(1809): warning C4244: '引數': 將 'float' 轉換為 'int'，由於類型不同，可能導致資料遺失
d:\study\bsc cm\sm2603 2d game production\project\2d_game_project\main.cpp(1810): warning C4244: '引數': 將 'float' 轉換為 'int'，由於類型不同，可能導致資料遺失
d:\study\bsc cm\sm2603 2d game production\project\2d_game_project\main.cpp(1811): warning C4244: '引數': 將 'float' 轉換為 'int'，由於類型不同，可能導致資料遺失
d:\study\bsc cm\sm2603 2d game production\project\2d_game_project\main.cpp(1812): warning C4244: '引數': 將 'float' 轉換為 'int'，由於類型不同，可能導致資料遺失
d:\study\bsc cm\sm2603 2d game production\project\2d_game_project\main.cpp(1813): warning C4244: '引數': 將 'float' 轉換為 'int'，由於類型不同，可能導致資料遺失
d:\study\bsc cm\sm2603 2d game production\project\2d_game_project\main.cpp(1814): warning C4244: '引數': 將 'float' 轉換為 'int'，由於類型不同，可能導致資料遺失
d:\study\bsc cm\sm2603 2d game production\project\2d_game_project\main.cpp(1819): warning C4244: '引數': 將 'float' 轉換為 'int'，由於類型不同，可能導致資料遺失
d:\study\bsc cm\sm2603 2d game production\project\2d_game_project\main.cpp(1820): warning C4244: '引數': 將 'float' 轉換為 'int'，由於類型不同，可能導致資料遺失
d:\study\bsc cm\sm2603 2d game production\project\2d_game_project\main.cpp(1821): warning C4244: '引數': 將 'float' 轉換為 'int'，由於類型不同，可能導致資料遺失
d:\study\bsc cm\sm2603 2d game production\project\2d_game_project\main.cpp(1822): warning C4244: '引數': 將 'float' 轉換為 'int'，由於類型不同，可能導致資料遺失
d:\study\bsc cm\sm2603 2d game production\project\2d_game_project\main.cpp(1823): warning C4244: '引數': 將 'float' 轉換為 'int'，由於類型不同，可能導致資料遺失
d:\study\bsc cm\sm2603 2d game production\project\2d_game_project\main.cpp(1824): warning C4244: '引數': 將 'float' 轉換為 'int'，由於類型不同，可能導致資料遺失
d:\study\bsc cm\sm2603 2d game production\project\2d_game_project\main.cpp(1825): warning C4244: '引數': 將 'float' 轉換為 'int'，由於類型不同，可能導致資料遺失
d:\study\bsc cm\sm2603 2d game production\project\2d_game_project\main.cpp(1826): warning C4244: '引數': 將 'float' 轉換為 'int'，由於類型不同，可能導致資料遺失
d:\study\bsc cm\sm2603 2d game production\project\2d_game_project\main.cpp(1943): warning C4244: '引數': 將 'time_t' 轉換為 'unsigned int'，由於類型不同，可能導致資料遺失
d:\study\bsc cm\sm2603 2d game production\project\2d_game_project\main.cpp(2031): warning C4244: '引數': 將 'int' 轉換為 'float'，由於類型不同，可能導致資料遺失
d:\study\bsc cm\sm2603 2d game production\project\2d_game_project\main.cpp(2684): warning C4244: '引數': 將 'int' 轉換為 'float'，由於類型不同，可能導致資料遺失
d:\study\bsc cm\sm2603 2d game production\project\2d_game_project\main.cpp(2716): warning C4244: '引數': 將 'int' 轉換為 'float'，由於類型不同，可能導致資料遺失
d:\study\bsc cm\sm2603 2d game production\project\2d_game_project\main.cpp(2723): warning C4244: '引數': 將 'int' 轉換為 'float'，由於類型不同，可能導致資料遺失
d:\study\bsc cm\sm2603 2d game production\project\2d_game_project\main.cpp(2732): warning C4244: '引數': 將 'float' 轉換為 'int'，由於類型不同，可能導致資料遺失
d:\study\bsc cm\sm2603 2d game production\project\2d_game_project\main.cpp(2734): warning C4244: '引數': 將 'float' 轉換為 'int'，由於類型不同，可能導致資料遺失
d:\study\bsc cm\sm2603 2d game production\project\2d_game_project\main.cpp(2748): warning C4244: '引數': 將 'float' 轉換為 'int'，由於類型不同，可能導致資料遺失
d:\study\bsc cm\sm2603 2d game production\project\2d_game_project\main.cpp(2749): warning C4244: '引數': 將 'float' 轉換為 'int'，由於類型不同，可能導致資料遺失
  2D_Game_Project.vcxproj -> D:\Study\BSc CM\SM2603 2D Game Production\Project\2D_Game_Project\Debug\2D_Game_Project.exe
